# JRE version: Java(TM) SE Runtime Environment (8.0_202-b08) (build 1.8.0_202-b08)
# Java VM: Java HotSpot(TM) 64-Bit Server VM (25.202-b08 mixed mode bsd-amd64 compressed oops)
Heap:
 PSYoungGen      total 272384K, used 24717K [0x00000007aab00000, 0x00000007c0000000, 0x00000007c0000000)
  eden space 219648K, 9% used [0x00000007aab00000,0x00000007abe7f5a0,0x00000007b8180000)
  from space 52736K, 9% used [0x00000007b8180000,0x00000007b8623fa8,0x00000007bb500000)
  to   space 52736K, 0% used [0x00000007bcc80000,0x00000007bcc80000,0x00000007c0000000)
 ParOldGen       total 687104K, used 561469K [0x0000000780000000, 0x00000007a9f00000, 0x00000007aab00000)
  object space 687104K, 81% used [0x0000000780000000,0x00000007a244f5b0,0x00000007a9f00000)
 Metaspace       used 204333K, capacity 227099K, committed 227456K, reserved 1247232K
  class space    used 24105K, capacity 30302K, committed 30336K, reserved 1048576K
GC Heap History (10 events):
Event: 80687.243 GC heap before
{Heap before GC invocations=2237 (full 44):
 PSYoungGen      total 289792K, used 237349K [0x00000007aab00000, 0x00000007bfe80000, 0x00000007c0000000)
  eden space 236032K, 100% used [0x00000007aab00000,0x00000007b9180000,0x00000007b9180000)
  from space 53760K, 2% used [0x00000007bc700000,0x00000007bc849498,0x00000007bfb80000)
  to   space 54784K, 0% used [0x00000007b9180000,0x00000007b9180000,0x00000007bc700000)
 ParOldGen       total 687104K, used 504391K [0x0000000780000000, 0x00000007a9f00000, 0x00000007aab00000)
  object space 687104K, 73% used [0x0000000780000000,0x000000079ec91fd8,0x00000007a9f00000)
 Metaspace       used 204281K, capacity 226995K, committed 227200K, reserved 1247232K
  class space    used 24099K, capacity 30270K, committed 30336K, reserved 1048576K
Event: 80687.262 GC heap after
Heap after GC invocations=2237 (full 44):
 PSYoungGen      total 290816K, used 26087K [0x00000007aab00000, 0x00000007bfe00000, 0x00000007c0000000)
  eden space 236032K, 0% used [0x00000007aab00000,0x00000007aab00000,0x00000007b9180000)
  from space 54784K, 47% used [0x00000007b9180000,0x00000007baaf9d48,0x00000007bc700000)
  to   space 53248K, 0% used [0x00000007bca00000,0x00000007bca00000,0x00000007bfe00000)
 ParOldGen       total 687104K, used 505182K [0x0000000780000000, 0x00000007a9f00000, 0x00000007aab00000)
  object space 687104K, 73% used [0x0000000780000000,0x000000079ed57800,0x00000007a9f00000)
 Metaspace       used 204281K, capacity 226995K, committed 227200K, reserved 1247232K
  class space    used 24099K, capacity 30270K, committed 30336K, reserved 1048576K
}
Event: 80697.926 GC heap before
{Heap before GC invocations=2238 (full 44):
 PSYoungGen      total 290816K, used 262119K [0x00000007aab00000, 0x00000007bfe00000, 0x00000007c0000000)
  eden space 236032K, 100% used [0x00000007aab00000,0x00000007b9180000,0x00000007b9180000)
  from space 54784K, 47% used [0x00000007b9180000,0x00000007baaf9d48,0x00000007bc700000)
  to   space 53248K, 0% used [0x00000007bca00000,0x00000007bca00000,0x00000007bfe00000)
 ParOldGen       total 687104K, used 505182K [0x0000000780000000, 0x00000007a9f00000, 0x00000007aab00000)
  object space 687104K, 73% used [0x0000000780000000,0x000000079ed57800,0x00000007a9f00000)
 Metaspace       used 204281K, capacity 226995K, committed 227200K, reserved 1247232K
  class space    used 24099K, capacity 30270K, committed 30336K, reserved 1048576K
Event: 80697.947 GC heap after
Heap after GC invocations=2238 (full 44):
 PSYoungGen      total 266240K, used 19296K [0x00000007aab00000, 0x00000007bed80000, 0x00000007c0000000)
  eden space 229888K, 0% used [0x00000007aab00000,0x00000007aab00000,0x00000007b8b80000)
  from space 36352K, 53% used [0x00000007bca00000,0x00000007bdcd8010,0x00000007bed80000)
  to   space 50176K, 0% used [0x00000007b8b80000,0x00000007b8b80000,0x00000007bbc80000)
 ParOldGen       total 687104K, used 511023K [0x0000000780000000, 0x00000007a9f00000, 0x00000007aab00000)
  object space 687104K, 74% used [0x0000000780000000,0x000000079f30bc60,0x00000007a9f00000)
 Metaspace       used 204281K, capacity 226995K, committed 227200K, reserved 1247232K
  class space    used 24099K, capacity 30270K, committed 30336K, reserved 1048576K
}
Event: 80754.099 GC heap before
{Heap before GC invocations=2239 (full 44):
 PSYoungGen      total 266240K, used 249184K [0x00000007aab00000, 0x00000007bed80000, 0x00000007c0000000)
  eden space 229888K, 100% used [0x00000007aab00000,0x00000007b8b80000,0x00000007b8b80000)
  from space 36352K, 53% used [0x00000007bca00000,0x00000007bdcd8010,0x00000007bed80000)
  to   space 50176K, 0% used [0x00000007b8b80000,0x00000007b8b80000,0x00000007bbc80000)
 ParOldGen       total 687104K, used 511023K [0x0000000780000000, 0x00000007a9f00000, 0x00000007aab00000)
  object space 687104K, 74% used [0x0000000780000000,0x000000079f30bc60,0x00000007a9f00000)
 Metaspace       used 204287K, capacity 226995K, committed 227200K, reserved 1247232K
  class space    used 24099K, capacity 30270K, committed 30336K, reserved 1048576K
Event: 80754.116 GC heap after
Heap after GC invocations=2239 (full 44):
 PSYoungGen      total 248832K, used 24982K [0x00000007aab00000, 0x00000007be480000, 0x00000007c0000000)
  eden space 223744K, 0% used [0x00000007aab00000,0x00000007aab00000,0x00000007b8580000)
  from space 25088K, 99% used [0x00000007b8b80000,0x00000007ba3e5810,0x00000007ba400000)
  to   space 48640K, 0% used [0x00000007bb500000,0x00000007bb500000,0x00000007be480000)
 ParOldGen       total 687104K, used 511071K [0x0000000780000000, 0x00000007a9f00000, 0x00000007aab00000)
  object space 687104K, 74% used [0x0000000780000000,0x000000079f317c70,0x00000007a9f00000)
 Metaspace       used 204287K, capacity 226995K, committed 227200K, reserved 1247232K
  class space    used 24099K, capacity 30270K, committed 30336K, reserved 1048576K
}
Event: 80754.622 GC heap before
{Heap before GC invocations=2240 (full 44):
 PSYoungGen      total 248832K, used 248726K [0x00000007aab00000, 0x00000007be480000, 0x00000007c0000000)
  eden space 223744K, 100% used [0x00000007aab00000,0x00000007b8580000,0x00000007b8580000)
  from space 25088K, 99% used [0x00000007b8b80000,0x00000007ba3e5810,0x00000007ba400000)
  to   space 48640K, 0% used [0x00000007bb500000,0x00000007bb500000,0x00000007be480000)
 ParOldGen       total 687104K, used 511071K [0x0000000780000000, 0x00000007a9f00000, 0x00000007aab00000)
  object space 687104K, 74% used [0x0000000780000000,0x000000079f317c70,0x00000007a9f00000)
 Metaspace       used 204287K, capacity 226995K, committed 227200K, reserved 1247232K
  class space    used 24099K, capacity 30270K, committed 30336K, reserved 1048576K
Event: 80754.651 GC heap after
Heap after GC invocations=2240 (full 44):
 PSYoungGen      total 268288K, used 39074K [0x00000007aab00000, 0x00000007c0000000, 0x00000007c0000000)
  eden space 219648K, 0% used [0x00000007aab00000,0x00000007aab00000,0x00000007b8180000)
  from space 48640K, 80% used [0x00000007bb500000,0x00000007bdb28940,0x00000007be480000)
  to   space 52736K, 0% used [0x00000007b8180000,0x00000007b8180000,0x00000007bb500000)
 ParOldGen       total 687104K, used 535829K [0x0000000780000000, 0x00000007a9f00000, 0x00000007aab00000)
  object space 687104K, 77% used [0x0000000780000000,0x00000007a0b455b0,0x00000007a9f00000)
 Metaspace       used 204287K, capacity 226995K, committed 227200K, reserved 1247232K
  class space    used 24099K, capacity 30270K, committed 30336K, reserved 1048576K
}
Event: 81812.189 GC heap before
{Heap before GC invocations=2241 (full 44):
 PSYoungGen      total 268288K, used 258722K [0x00000007aab00000, 0x00000007c0000000, 0x00000007c0000000)
  eden space 219648K, 100% used [0x00000007aab00000,0x00000007b8180000,0x00000007b8180000)
  from space 48640K, 80% used [0x00000007bb500000,0x00000007bdb28940,0x00000007be480000)
  to   space 52736K, 0% used [0x00000007b8180000,0x00000007b8180000,0x00000007bb500000)
 ParOldGen       total 687104K, used 535829K [0x0000000780000000, 0x00000007a9f00000, 0x00000007aab00000)
  object space 687104K, 77% used [0x0000000780000000,0x00000007a0b455b0,0x00000007a9f00000)
 Metaspace       used 204332K, capacity 227099K, committed 227456K, reserved 1247232K
  class space    used 24105K, capacity 30302K, committed 30336K, reserved 1048576K
Event: 81812.497 GC heap after
Heap after GC invocations=2241 (full 44):
 PSYoungGen      total 272384K, used 4751K [0x00000007aab00000, 0x00000007c0000000, 0x00000007c0000000)
  eden space 219648K, 0% used [0x00000007aab00000,0x00000007aab00000,0x00000007b8180000)
  from space 52736K, 9% used [0x00000007b8180000,0x00000007b8623fa8,0x00000007bb500000)
  to   space 52736K, 0% used [0x00000007bcc80000,0x00000007bcc80000,0x00000007c0000000)
 ParOldGen       total 687104K, used 561469K [0x0000000780000000, 0x00000007a9f00000, 0x00000007aab00000)
  object space 687104K, 81% used [0x0000000780000000,0x00000007a244f5b0,0x00000007a9f00000)
 Metaspace       used 204332K, capacity 227099K, committed 227456K, reserved 1247232K
  class space    used 24105K, capacity 30302K, committed 30336K, reserved 1048576K
}

